D:\Program Files\Microsoft Visual Studio\2022\Community\MSBuild\Microsoft\VC\v170\Microsoft.CppBuild.targets(520,5): warning MSB8004: Output Directory does not end with a trailing slash.  This build instance will add the slash as it is required to allow proper evaluation of the Output Directory.
  dllmain.cpp
C:\Users\Pancake\source\repos\banana shooter cheat\banana shooter cheat\hack.h(9,1): warning C4005: 'ERROR': macro redefinition
D:\Windows Kits\10\Include\10.0.19041.0\um\wingdi.h(118): message : see previous definition of 'ERROR'
  hack.cpp
C:\Users\Pancake\source\repos\banana shooter cheat\banana shooter cheat\hack.h(9,1): warning C4005: 'ERROR': macro redefinition
D:\Windows Kits\10\Include\10.0.19041.0\um\wingdi.h(118): message : see previous definition of 'ERROR'
  hooks.cpp
C:\Users\Pancake\source\repos\banana shooter cheat\banana shooter cheat\hack.h(9,1): warning C4005: 'ERROR': macro redefinition
D:\Windows Kits\10\Include\10.0.19041.0\um\wingdi.h(118): message : see previous definition of 'ERROR'
  Generating code
  758 of 840 functions (90.2%) were compiled, the rest were copied from previous compilation.
    677 functions were new in current compilation
    10 functions had inline decision re-evaluated but remain unchanged
  Finished generating code
  banana shooter cheat.vcxproj -> C:\Users\Pancake\source\repos\banana shooter cheat\build\release\meowware.dll

Project Performance Summary:
     8092 ms  C:\Users\Pancake\source\repos\banana shooter cheat\banana shooter cheat\banana shooter cheat.vcxproj   1 calls
               8092 ms  Build                                      1 calls

Target Performance Summary:
        0 ms  AfterBuildCompileEvent                     1 calls
        0 ms  _ALink                                     1 calls
        0 ms  _Link                                      1 calls
        0 ms  AfterLink                                  1 calls
        0 ms  ComputeLinkImportLibraryOutputsForClean    1 calls
        0 ms  ComputeLinkSwitches                        1 calls
        0 ms  DoLinkOutputFilesMatch                     1 calls
        0 ms  PrepareResourceNames                       1 calls
        0 ms  CreateCustomManifestResourceNames          1 calls
        0 ms  ComputeManifestInputsTargets               1 calls
        0 ms  ComputeLinkInputsFromProject               1 calls
        0 ms  _Manifest                                  1 calls
        0 ms  ComputeCLGeneratedLinkInputs               1 calls
        0 ms  ComputeRCGeneratedLinkInputs               1 calls
        0 ms  ComputeRCOutputs                           1 calls
        0 ms  BeforeLink                                 1 calls
        0 ms  ComputeLegacyManifestEmbedding             1 calls
        0 ms  BuildLinkTraverse                          1 calls
        0 ms  BuildCompile                               1 calls
        0 ms  _BuildCompileAction                        1 calls
        0 ms  _ResourceCompile                           1 calls
        0 ms  AfterResourceCompile                       1 calls
        0 ms  BeforeResourceCompile                      1 calls
        0 ms  ComputeManifestGeneratedLinkerInputs       1 calls
        0 ms  ResolvedXDCMake                            1 calls
        0 ms  ComputeCLCompileGeneratedXDCFiles          1 calls
        0 ms  MakeDirsForXdcMake                         1 calls
        0 ms  IncrementalClean                           1 calls
        0 ms  AfterBuild                                 1 calls
        0 ms  BuildLink                                  1 calls
        0 ms  _BuildLinkAction                           1 calls
        0 ms  PostBuildEvent                             1 calls
        0 ms  PrepareForRun                              1 calls
        0 ms  CopyFilesToOutputDirectory                 1 calls
        0 ms  _CheckForCompileOutputs                    1 calls
        0 ms  _CopySourceItemsToOutputDirectory          1 calls
        0 ms  _GetCopyToOutputDirectoryItemsFromThisProject   1 calls
        0 ms  _GetCopyToOutputDirectoryItemsFromTransitiveProjectReferences   1 calls
        0 ms  GetCopyToOutputDirectoryXamlAppDefs        1 calls
        0 ms  _PopulateCommonStateForGetCopyToOutputDirectoryItems   1 calls
        0 ms  _Deploy                                    1 calls
        0 ms  _Appverifier                               1 calls
        0 ms  CreateSatelliteAssemblies                  1 calls
        0 ms  ContentFilesProjectOutputGroup             1 calls
        0 ms  MakeDirsForFxc                             1 calls
        0 ms  SatelliteDllsProjectOutputGroup            1 calls
        0 ms  _BscMake                                   1 calls
        0 ms  MakeDirsForBscMake                         1 calls
        0 ms  ComputeCLCompileGeneratedSbrFiles          1 calls
        0 ms  _XdcMake                                   1 calls
        0 ms  _ClCompile                                 1 calls
        0 ms  AfterClCompile                             1 calls
        0 ms  Build                                      1 calls
        0 ms  SelectClCompile                            1 calls
        0 ms  BeforeResolveReferences                    1 calls
        0 ms  ComputeCustomBuildOutput                   1 calls
        0 ms  SelectCustomBuild                          1 calls
        0 ms  _SelectedFiles                             1 calls
        0 ms  PreBuildEvent                              1 calls
        0 ms  _SplitProjectReferencesByFileExistence     1 calls
        0 ms  BeforeBuildGenerateSources                 1 calls
        0 ms  BuildGenerateSourcesTraverse               1 calls
        0 ms  _AddOutputPathToGlobalPropertiesToRemove   1 calls
        0 ms  GetReferenceAssemblyPaths                  1 calls
        0 ms  ResolveReferences                          1 calls
        0 ms  ResolveAssemblyReferences                  1 calls
        0 ms  ExpandSDKReferences                        1 calls
        0 ms  ResolveSDKReferences                       1 calls
        0 ms  PrepareProjectReferences                   1 calls
        0 ms  SetCABuildNativeEnvironmentVariables       1 calls
        0 ms  ResolveProjectReferences                   1 calls
        0 ms  _CheckWindowsSDKInstalled                  1 calls
        0 ms  GetResolvedWinMD                           1 calls
        0 ms  AddExternalIncludDirectoriesToPaths        1 calls
        0 ms  AfterResolveReferences                     1 calls
        0 ms  _Xsd                                       1 calls
        0 ms  CopyFileToFolders                          1 calls
        0 ms  MakeDirsForMidl                            1 calls
        0 ms  _PrepareForBuild                           1 calls
        0 ms  _PrepareForReferenceResolution             1 calls
        0 ms  GetReferencedVCProjectsInfo                1 calls
        0 ms  FindReferenceAssembliesForReferences       1 calls
        0 ms  ComputeCLInputPDBName                      1 calls
        0 ms  BuildCompileTraverse                       1 calls
        0 ms  BuildGenerateSources                       1 calls
        0 ms  _BuildGenerateSourcesAction                1 calls
        0 ms  AfterBuildGenerateSourcesEvent             1 calls
        0 ms  BeforeClCompile                            1 calls
        0 ms  AfterBuildGenerateSources                  1 calls
        0 ms  AfterMidl                                  1 calls
        0 ms  ComputeMIDLGeneratedCompileInputs          1 calls
        0 ms  _Midl                                      1 calls
        0 ms  GetFrameworkPaths                          1 calls
        1 ms  BuiltProjectOutputGroup                    1 calls
        1 ms  ComputeReferenceCLInput                    1 calls
        1 ms  _GenerateSatelliteAssemblyInputs           1 calls
        1 ms  ComputeCLOutputs                           1 calls
        1 ms  MakeDirsForResourceCompile                 1 calls
        1 ms  PreLinkEvent                               1 calls
        1 ms  MakeDirsForLink                            1 calls
        1 ms  AssignTargetPaths                          1 calls
        1 ms  SetBuildDefaultEnvironmentVariables        1 calls
        1 ms  MakeDirsForCl                              1 calls
        1 ms  AssignProjectConfiguration                 1 calls
        1 ms  SplitResourcesByCulture                    1 calls
        1 ms  WarnCompileDuplicatedFilename              1 calls
        1 ms  RegisterOutput                             1 calls
        2 ms  _CleanGetCurrentAndPriorFileWrites         1 calls
        2 ms  FinalizeBuildStatus                        1 calls
        2 ms  FixupCLCompileOptions                      1 calls
        3 ms  GetCopyToOutputDirectoryItems              1 calls
        4 ms  InitializeBuildStatus                      1 calls
        7 ms  SetTelemetryEnvironmentVariables           1 calls
        8 ms  PrepareForBuild                            1 calls
        9 ms  CustomBuild                                1 calls
       11 ms  _CheckForInvalidConfigurationAndPlatform   1 calls
       21 ms  CreateRecipeFile                           1 calls
       45 ms  _GetProjectReferenceTargetFrameworkProperties   1 calls
     1263 ms  Link                                       1 calls
     6694 ms  ClCompile                                  1 calls

Task Performance Summary:
        0 ms  Message                                    3 calls
        0 ms  ConvertToAbsolutePath                      1 calls
        0 ms  AssignCulture                              1 calls
        0 ms  AssignTargetPath                           7 calls
        0 ms  RemoveDuplicates                           2 calls
        0 ms  Delete                                     2 calls
        0 ms  MSBuild                                    1 calls
        1 ms  CheckVCToolsetVersion                      1 calls
        1 ms  ReadLinesFromFile                          2 calls
        1 ms  MakeDir                                   10 calls
        1 ms  AssignProjectConfiguration                 1 calls
        1 ms  CallTarget                                 2 calls
        1 ms  FindUnderPath                              5 calls
        1 ms  WriteLinesToFile                           1 calls
        2 ms  Touch                                      2 calls
        2 ms  VCMessage                                  1 calls
        3 ms  SetEnv                                     9 calls
        9 ms  GetOutOfDateItems                          3 calls
       20 ms  GenerateDesktopDeployRecipe                1 calls
     1256 ms  Link                                       1 calls
     6691 ms  CL                                         2 calls
